[2024-04-11T08:00:51.897688+00:00] installer.INFO: Matched route "{route}". {"route":"installer_home","route_parameters":{"_controller":"OrangeHRM\\Installer\\Controller\\HomeController::handle","_route":"installer_home"},"request_uri":"http://orangehrm-5.6.1.ddev.site/installer/index.php/","method":"GET"} []
[2024-04-11T08:00:51.963197+00:00] installer.INFO: Matched route "{route}". {"route":"installer_home","route_parameters":{"_controller":"OrangeHRM\\Installer\\Controller\\HomeController::handle","_route":"installer_home"},"request_uri":"http://orangehrm-5.6.1.ddev.site/installer/index.php/","method":"GET"} []
[2024-04-11T08:01:09.084096+00:00] installer.INFO: Matched route "{route}". {"route":"installer_home","route_parameters":{"_controller":"OrangeHRM\\Installer\\Controller\\HomeController::handle","_route":"installer_home"},"request_uri":"http://orangehrm-5.6.1.ddev.site/installer/index.php/","method":"GET"} []
[2024-04-11T08:01:19.513433+00:00] installer.INFO: Matched route "{route}". {"route":"installer_home","route_parameters":{"_controller":"OrangeHRM\\Installer\\Controller\\HomeController::handle","_route":"installer_home"},"request_uri":"http://orangehrm-5.6.1.ddev.site/installer/index.php/","method":"GET"} []
[2024-04-12T06:53:46.364783+00:00] installer.INFO: Matched route "{route}". {"route":"installer_home","route_parameters":{"_controller":"OrangeHRM\\Installer\\Controller\\HomeController::handle","_route":"installer_home"},"request_uri":"https://orangehrm.ddev.site/installer/index.php/","method":"GET"} []
[2024-04-12T06:53:46.383392+00:00] installer.INFO: Matched route "{route}". {"route":"installer_welcome","route_parameters":{"_controller":"OrangeHRM\\Installer\\Controller\\WelcomeController::handle","_route":"installer_welcome"},"request_uri":"https://orangehrm.ddev.site/installer/index.php/welcome","method":"GET"} []
[2024-04-12T06:53:53.244392+00:00] installer.INFO: Matched route "{route}". {"route":"installer_licence_acceptance","route_parameters":{"_controller":"OrangeHRM\\Installer\\Controller\\Installer\\LicenceAcceptanceController::handle","_route":"installer_licence_acceptance"},"request_uri":"https://orangehrm.ddev.site/installer/index.php/installer/licence-acceptance","method":"GET"} []
[2024-04-12T06:53:57.332648+00:00] installer.INFO: Matched route "{route}". {"route":"installer_database_config","route_parameters":{"_controller":"OrangeHRM\\Installer\\Controller\\Installer\\DatabaseConfigController::handle","_route":"installer_database_config"},"request_uri":"https://orangehrm.ddev.site/installer/index.php/installer/database-config","method":"GET"} []
[2024-04-12T06:53:57.382684+00:00] installer.INFO: Matched route "{route}". {"route":"api_installer_database_config","route_parameters":{"_controller":"OrangeHRM\\Installer\\Controller\\Installer\\Api\\DatabaseConfigAPI::handle","_route":"api_installer_database_config"},"request_uri":"https://orangehrm.ddev.site/installer/index.php/installer/api/database-config","method":"GET"} []
[2024-04-12T06:55:06.319211+00:00] installer.INFO: Matched route "{route}". {"route":"api_installer_database_config","route_parameters":{"_controller":"OrangeHRM\\Installer\\Controller\\Installer\\Api\\DatabaseConfigAPI::handle","_route":"api_installer_database_config"},"request_uri":"https://orangehrm.ddev.site/installer/index.php/installer/api/database-config","method":"POST"} []
[2024-04-12T06:55:06.327206+00:00] installer.ERROR: An exception occurred in the driver: SQLSTATE[HY000] [1045] Access denied for user 'db'@'172.21.0.2' (using password: YES) [] []
[2024-04-12T06:55:06.327255+00:00] installer.ERROR: #0 /var/www/html/httpdocs/src/vendor/doctrine/dbal/src/Connection.php(1943): Doctrine\DBAL\Driver\API\MySQL\ExceptionConverter->convert(Object(Doctrine\DBAL\Driver\PDO\Exception), NULL) #1 /var/www/html/httpdocs/src/vendor/doctrine/dbal/src/Connection.php(1891): Doctrine\DBAL\Connection->handleDriverException(Object(Doctrine\DBAL\Driver\PDO\Exception), NULL) #2 /var/www/html/httpdocs/src/vendor/doctrine/dbal/src/Connection.php(380): Doctrine\DBAL\Connection->convertException(Object(Doctrine\DBAL\Driver\PDO\Exception)) #3 /var/www/html/httpdocs/src/vendor/doctrine/dbal/src/Connection.php(453): Doctrine\DBAL\Connection->connect() #4 /var/www/html/httpdocs/src/vendor/doctrine/dbal/src/Connection.php(411): Doctrine\DBAL\Connection->getDatabasePlatformVersion() #5 /var/www/html/httpdocs/src/vendor/doctrine/dbal/src/Connection.php(318): Doctrine\DBAL\Connection->detectDatabasePlatform() #6 /var/www/html/httpdocs/installer/Util/DatabaseServerConnection.php(44): Doctrine\DBAL\Connection->getDatabasePlatform() #7 /var/www/html/httpdocs/installer/Util/DatabaseServerConnection.php(53): OrangeHRM\Installer\Util\DatabaseServerConnection->__construct() #8 /var/www/html/httpdocs/installer/Util/AppSetupUtility.php(125): OrangeHRM\Installer\Util\DatabaseServerConnection::getConnection() #9 /var/www/html/httpdocs/installer/Util/Dto/DatabaseConnectionWrapper.php(103): OrangeHRM\Installer\Util\AppSetupUtility->OrangeHRM\Installer\Util\{closure}() #10 /var/www/html/httpdocs/installer/Util/AppSetupUtility.php(125): OrangeHRM\Installer\Util\Dto\DatabaseConnectionWrapper::establishConnection(Object(Closure)) #11 /var/www/html/httpdocs/installer/Controller/Installer/Api/DatabaseConfigAPI.php(76): OrangeHRM\Installer\Util\AppSetupUtility->connectToDatabaseServer() #12 /var/www/html/httpdocs/installer/Controller/AbstractInstallerRestController.php(57): OrangeHRM\Installer\Controller\Installer\Api\DatabaseConfigAPI->handlePost(Object(OrangeHRM\Framework\Http\Request)) #13 /var/www/html/httpdocs/installer/Controller/AbstractInstallerController.php(84): OrangeHRM\Installer\Controller\AbstractInstallerRestController->execute(Object(OrangeHRM\Framework\Http\Request)) #14 /var/www/html/httpdocs/src/vendor/symfony/http-kernel/HttpKernel.php(163): OrangeHRM\Installer\Controller\AbstractInstallerController->handle(Object(OrangeHRM\Framework\Http\Request)) #15 /var/www/html/httpdocs/src/vendor/symfony/http-kernel/HttpKernel.php(75): Symfony\Component\HttpKernel\HttpKernel->handleRaw(Object(OrangeHRM\Framework\Http\Request), 1) #16 /var/www/html/httpdocs/installer/Framework/HttpKernel.php(243): Symfony\Component\HttpKernel\HttpKernel->handle(Object(OrangeHRM\Framework\Http\Request), 1, true) #17 /var/www/html/httpdocs/installer/index.php(65): OrangeHRM\Installer\Framework\HttpKernel->handleRequest(Object(OrangeHRM\Framework\Http\Request)) #18 {main} [] []
[2024-04-12T06:55:28.577508+00:00] installer.INFO: Matched route "{route}". {"route":"api_installer_database_config","route_parameters":{"_controller":"OrangeHRM\\Installer\\Controller\\Installer\\Api\\DatabaseConfigAPI::handle","_route":"api_installer_database_config"},"request_uri":"https://orangehrm.ddev.site/installer/index.php/installer/api/database-config","method":"POST"} []
[2024-04-12T06:55:28.618754+00:00] installer.INFO: Matched route "{route}". {"route":"installer_system_check","route_parameters":{"_controller":"OrangeHRM\\Installer\\Controller\\Installer\\SystemCheckController::handle","_route":"installer_system_check"},"request_uri":"https://orangehrm.ddev.site/installer/index.php/installer/system-check","method":"GET"} []
[2024-04-12T06:55:28.685711+00:00] installer.INFO: Matched route "{route}". {"route":"api_installer_system_check","route_parameters":{"_controller":"OrangeHRM\\Installer\\Controller\\Installer\\Api\\SystemCheckAPI::handle","_route":"api_installer_system_check"},"request_uri":"https://orangehrm.ddev.site/installer/index.php/installer/api/system-check","method":"GET"} []
[2024-04-12T06:55:37.608863+00:00] installer.INFO: Matched route "{route}". {"route":"installer_instance_creation","route_parameters":{"_controller":"OrangeHRM\\Installer\\Controller\\Installer\\InstanceCreationController::handle","_route":"installer_instance_creation"},"request_uri":"https://orangehrm.ddev.site/installer/index.php/installer/instance-creation","method":"GET"} []
[2024-04-12T06:55:37.660365+00:00] installer.INFO: Matched route "{route}". {"route":"api_installer_countries","route_parameters":{"_controller":"OrangeHRM\\Installer\\Controller\\Installer\\Api\\CountryAPI::handle","_route":"api_installer_countries"},"request_uri":"https://orangehrm.ddev.site/installer/index.php/installer/api/countries","method":"GET"} []
[2024-04-12T06:55:37.686495+00:00] installer.INFO: Matched route "{route}". {"route":"api_installer_languages","route_parameters":{"_controller":"OrangeHRM\\Installer\\Controller\\Installer\\Api\\LanguageAPI::handle","_route":"api_installer_languages"},"request_uri":"https://orangehrm.ddev.site/installer/index.php/installer/api/languages","method":"GET"} []
[2024-04-12T06:55:37.704969+00:00] installer.INFO: Matched route "{route}". {"route":"api_installer_timezones","route_parameters":{"_controller":"OrangeHRM\\Installer\\Controller\\Installer\\Api\\TimezoneAPI::handle","_route":"api_installer_timezones"},"request_uri":"https://orangehrm.ddev.site/installer/index.php/installer/api/timezones","method":"GET"} []
[2024-04-12T06:55:37.725623+00:00] installer.INFO: Matched route "{route}". {"route":"api_installer_instance","route_parameters":{"_controller":"OrangeHRM\\Installer\\Controller\\Installer\\Api\\InstanceAPI::handle","_route":"api_installer_instance"},"request_uri":"https://orangehrm.ddev.site/installer/index.php/installer/api/instance","method":"GET"} []
[2024-04-12T06:56:11.444814+00:00] installer.INFO: Matched route "{route}". {"route":"api_installer_instance","route_parameters":{"_controller":"OrangeHRM\\Installer\\Controller\\Installer\\Api\\InstanceAPI::handle","_route":"api_installer_instance"},"request_uri":"https://orangehrm.ddev.site/installer/index.php/installer/api/instance","method":"POST"} []
[2024-04-12T06:56:11.463159+00:00] installer.INFO: Matched route "{route}". {"route":"installer_admin_user_creation","route_parameters":{"_controller":"OrangeHRM\\Installer\\Controller\\Installer\\AdminUserCreationController::handle","_route":"installer_admin_user_creation"},"request_uri":"https://orangehrm.ddev.site/installer/index.php/installer/admin-user-creation","method":"GET"} []
[2024-04-12T06:56:11.521532+00:00] installer.INFO: Matched route "{route}". {"route":"api_installer_admin_user","route_parameters":{"_controller":"OrangeHRM\\Installer\\Controller\\Installer\\Api\\AdminUserAPI::handle","_route":"api_installer_admin_user"},"request_uri":"https://orangehrm.ddev.site/installer/index.php/installer/api/admin-user","method":"GET"} []
[2024-04-12T06:56:56.962352+00:00] installer.INFO: Matched route "{route}". {"route":"api_installer_admin_user","route_parameters":{"_controller":"OrangeHRM\\Installer\\Controller\\Installer\\Api\\AdminUserAPI::handle","_route":"api_installer_admin_user"},"request_uri":"https://orangehrm.ddev.site/installer/index.php/installer/api/admin-user","method":"POST"} []
[2024-04-12T06:56:56.997944+00:00] installer.INFO: Matched route "{route}". {"route":"installer_confirmation","route_parameters":{"_controller":"OrangeHRM\\Installer\\Controller\\Installer\\ConfirmationController::handle","_route":"installer_confirmation"},"request_uri":"https://orangehrm.ddev.site/installer/index.php/installer/confirmation","method":"GET"} []
[2024-04-12T06:56:57.092999+00:00] installer.INFO: Matched route "{route}". {"route":"api_installer_database_config","route_parameters":{"_controller":"OrangeHRM\\Installer\\Controller\\Installer\\Api\\DatabaseConfigAPI::handle","_route":"api_installer_database_config"},"request_uri":"https://orangehrm.ddev.site/installer/index.php/installer/api/database-config","method":"GET"} []
[2024-04-12T06:56:57.131697+00:00] installer.INFO: Matched route "{route}". {"route":"api_installer_admin_user","route_parameters":{"_controller":"OrangeHRM\\Installer\\Controller\\Installer\\Api\\AdminUserAPI::handle","_route":"api_installer_admin_user"},"request_uri":"https://orangehrm.ddev.site/installer/index.php/installer/api/admin-user","method":"GET"} []
[2024-04-12T06:56:59.304580+00:00] installer.INFO: Matched route "{route}". {"route":"installer_process","route_parameters":{"_controller":"OrangeHRM\\Installer\\Controller\\Installer\\InstallerController::handle","_route":"installer_process"},"request_uri":"https://orangehrm.ddev.site/installer/index.php/installer/process","method":"GET"} []
[2024-04-12T06:56:59.367571+00:00] installer.INFO: Matched route "{route}". {"route":"api_installer_database","route_parameters":{"_controller":"OrangeHRM\\Installer\\Controller\\Installer\\Api\\InstallationDatabaseAPI::handle","_route":"api_installer_database"},"request_uri":"https://orangehrm.ddev.site/installer/index.php/installer/api/installation/database","method":"POST"} []
[2024-04-12T06:56:59.371531+00:00] installer.INFO: Matched route "{route}". {"route":"api_installer_start_registration","route_parameters":{"_controller":"OrangeHRM\\Installer\\Controller\\Installer\\Api\\InstallerDataRegistrationAPI::handle","_route":"api_installer_start_registration"},"request_uri":"https://orangehrm.ddev.site/installer/index.php/installer/api/send-data/installer-start","method":"POST"} []
[2024-04-12T06:56:59.828524+00:00] installer.INFO: Matched route "{route}". {"route":"api_installer_pre_migration_check","route_parameters":{"_controller":"OrangeHRM\\Installer\\Controller\\Installer\\Api\\PreMigrationCheck::handle","_route":"api_installer_pre_migration_check"},"request_uri":"https://orangehrm.ddev.site/installer/index.php/installer/api/installation/pre-migration","method":"POST"} []
[2024-04-12T06:56:59.838040+00:00] installer.INFO: Instance details: {"os":{"os":"Linux","release_name":"6.5.0-27-generic","version_info":"#28~22.04.1-Ubuntu SMP PREEMPT_DYNAMIC Fri Mar 15 10:51:06 UTC 2"},"php":{"version":"7.4.33"},"mysql":{"client_version":"mysqlnd 7.4.33","server_version":"5.5.5-10.4.32-MariaDB-1:10.4.32+maria~ubu2004-log","conn_type":"db via TCP\/IP"},"server":"Apache\/2.4.56 (Debian)","ohrm":{"version":"5.6.1"}} [] []
[2024-04-12T06:57:00.037913+00:00] installer.INFO: Matched route "{route}". {"route":"api_installer_versions","route_parameters":{"_controller":"OrangeHRM\\Installer\\Controller\\Installer\\Api\\VersionAPI::handle","_route":"api_installer_versions"},"request_uri":"https://orangehrm.ddev.site/installer/index.php/installer/api/versions?excludeLatest=false","method":"GET"} []
[2024-04-12T06:57:00.049614+00:00] installer.INFO: Matched route "{route}". {"route":"api_installer_migration","route_parameters":{"_controller":"OrangeHRM\\Installer\\Controller\\Installer\\Api\\MigrationAPI::handle","_route":"api_installer_migration"},"request_uri":"https://orangehrm.ddev.site/installer/index.php/installer/api/installation/migration","method":"POST"} []
[2024-04-12T06:57:00.050158+00:00] installer.INFO: {"version":"3.3.3"} [] []
[2024-04-12T06:57:00.052681+00:00] installer.INFO: Instance details: {"os":{"os":"Linux","release_name":"6.5.0-27-generic","version_info":"#28~22.04.1-Ubuntu SMP PREEMPT_DYNAMIC Fri Mar 15 10:51:06 UTC 2"},"php":{"version":"7.4.33"},"mysql":{"client_version":"mysqlnd 7.4.33","server_version":"5.5.5-10.4.32-MariaDB-1:10.4.32+maria~ubu2004-log","conn_type":"db via TCP\/IP"},"server":"Apache\/2.4.56 (Debian)","ohrm":{"version":"5.6.1"}} [] []
[2024-04-12T06:57:00.062471+00:00] installer.INFO: set_time_limit: success [] []
[2024-04-12T06:57:04.663804+00:00] installer.INFO: Matched route "{route}". {"route":"api_installer_migration","route_parameters":{"_controller":"OrangeHRM\\Installer\\Controller\\Installer\\Api\\MigrationAPI::handle","_route":"api_installer_migration"},"request_uri":"https://orangehrm.ddev.site/installer/index.php/installer/api/installation/migration","method":"POST"} []
[2024-04-12T06:57:04.664139+00:00] installer.INFO: {"version":"4.0"} [] []
[2024-04-12T06:57:04.665899+00:00] installer.INFO: Instance details: {"os":{"os":"Linux","release_name":"6.5.0-27-generic","version_info":"#28~22.04.1-Ubuntu SMP PREEMPT_DYNAMIC Fri Mar 15 10:51:06 UTC 2"},"php":{"version":"7.4.33"},"mysql":{"client_version":"mysqlnd 7.4.33","server_version":"5.5.5-10.4.32-MariaDB-1:10.4.32+maria~ubu2004-log","conn_type":"db via TCP\/IP"},"server":"Apache\/2.4.56 (Debian)","ohrm":{"version":"5.6.1"}} [] []
[2024-04-12T06:57:04.667668+00:00] installer.INFO: set_time_limit: success [] []
[2024-04-12T06:57:04.694700+00:00] installer.INFO: Matched route "{route}". {"route":"api_installer_migration","route_parameters":{"_controller":"OrangeHRM\\Installer\\Controller\\Installer\\Api\\MigrationAPI::handle","_route":"api_installer_migration"},"request_uri":"https://orangehrm.ddev.site/installer/index.php/installer/api/installation/migration","method":"POST"} []
[2024-04-12T06:57:04.695077+00:00] installer.INFO: {"version":"4.1"} [] []
[2024-04-12T06:57:04.696865+00:00] installer.INFO: Instance details: {"os":{"os":"Linux","release_name":"6.5.0-27-generic","version_info":"#28~22.04.1-Ubuntu SMP PREEMPT_DYNAMIC Fri Mar 15 10:51:06 UTC 2"},"php":{"version":"7.4.33"},"mysql":{"client_version":"mysqlnd 7.4.33","server_version":"5.5.5-10.4.32-MariaDB-1:10.4.32+maria~ubu2004-log","conn_type":"db via TCP\/IP"},"server":"Apache\/2.4.56 (Debian)","ohrm":{"version":"5.6.1"}} [] []
[2024-04-12T06:57:04.698424+00:00] installer.INFO: set_time_limit: success [] []
[2024-04-12T06:57:04.769305+00:00] installer.INFO: Matched route "{route}". {"route":"api_installer_migration","route_parameters":{"_controller":"OrangeHRM\\Installer\\Controller\\Installer\\Api\\MigrationAPI::handle","_route":"api_installer_migration"},"request_uri":"https://orangehrm.ddev.site/installer/index.php/installer/api/installation/migration","method":"POST"} []
[2024-04-12T06:57:04.769623+00:00] installer.INFO: {"version":"4.1.1"} [] []
[2024-04-12T06:57:04.771285+00:00] installer.INFO: Instance details: {"os":{"os":"Linux","release_name":"6.5.0-27-generic","version_info":"#28~22.04.1-Ubuntu SMP PREEMPT_DYNAMIC Fri Mar 15 10:51:06 UTC 2"},"php":{"version":"7.4.33"},"mysql":{"client_version":"mysqlnd 7.4.33","server_version":"5.5.5-10.4.32-MariaDB-1:10.4.32+maria~ubu2004-log","conn_type":"db via TCP\/IP"},"server":"Apache\/2.4.56 (Debian)","ohrm":{"version":"5.6.1"}} [] []
[2024-04-12T06:57:04.773068+00:00] installer.INFO: set_time_limit: success [] []
[2024-04-12T06:57:04.873001+00:00] installer.INFO: Matched route "{route}". {"route":"api_installer_migration","route_parameters":{"_controller":"OrangeHRM\\Installer\\Controller\\Installer\\Api\\MigrationAPI::handle","_route":"api_installer_migration"},"request_uri":"https://orangehrm.ddev.site/installer/index.php/installer/api/installation/migration","method":"POST"} []
[2024-04-12T06:57:04.873331+00:00] installer.INFO: {"version":"4.1.2"} [] []
[2024-04-12T06:57:04.875644+00:00] installer.INFO: Instance details: {"os":{"os":"Linux","release_name":"6.5.0-27-generic","version_info":"#28~22.04.1-Ubuntu SMP PREEMPT_DYNAMIC Fri Mar 15 10:51:06 UTC 2"},"php":{"version":"7.4.33"},"mysql":{"client_version":"mysqlnd 7.4.33","server_version":"5.5.5-10.4.32-MariaDB-1:10.4.32+maria~ubu2004-log","conn_type":"db via TCP\/IP"},"server":"Apache\/2.4.56 (Debian)","ohrm":{"version":"5.6.1"}} [] []
[2024-04-12T06:57:04.877567+00:00] installer.INFO: set_time_limit: success [] []
[2024-04-12T06:57:04.894331+00:00] installer.INFO: Matched route "{route}". {"route":"api_installer_migration","route_parameters":{"_controller":"OrangeHRM\\Installer\\Controller\\Installer\\Api\\MigrationAPI::handle","_route":"api_installer_migration"},"request_uri":"https://orangehrm.ddev.site/installer/index.php/installer/api/installation/migration","method":"POST"} []
[2024-04-12T06:57:04.894690+00:00] installer.INFO: {"version":"4.1.2.1"} [] []
[2024-04-12T06:57:04.896471+00:00] installer.INFO: Instance details: {"os":{"os":"Linux","release_name":"6.5.0-27-generic","version_info":"#28~22.04.1-Ubuntu SMP PREEMPT_DYNAMIC Fri Mar 15 10:51:06 UTC 2"},"php":{"version":"7.4.33"},"mysql":{"client_version":"mysqlnd 7.4.33","server_version":"5.5.5-10.4.32-MariaDB-1:10.4.32+maria~ubu2004-log","conn_type":"db via TCP\/IP"},"server":"Apache\/2.4.56 (Debian)","ohrm":{"version":"5.6.1"}} [] []
[2024-04-12T06:57:04.897932+00:00] installer.INFO: set_time_limit: success [] []
[2024-04-12T06:57:04.914037+00:00] installer.INFO: Matched route "{route}". {"route":"api_installer_migration","route_parameters":{"_controller":"OrangeHRM\\Installer\\Controller\\Installer\\Api\\MigrationAPI::handle","_route":"api_installer_migration"},"request_uri":"https://orangehrm.ddev.site/installer/index.php/installer/api/installation/migration","method":"POST"} []
[2024-04-12T06:57:04.914369+00:00] installer.INFO: {"version":"4.2"} [] []
[2024-04-12T06:57:04.916385+00:00] installer.INFO: Instance details: {"os":{"os":"Linux","release_name":"6.5.0-27-generic","version_info":"#28~22.04.1-Ubuntu SMP PREEMPT_DYNAMIC Fri Mar 15 10:51:06 UTC 2"},"php":{"version":"7.4.33"},"mysql":{"client_version":"mysqlnd 7.4.33","server_version":"5.5.5-10.4.32-MariaDB-1:10.4.32+maria~ubu2004-log","conn_type":"db via TCP\/IP"},"server":"Apache\/2.4.56 (Debian)","ohrm":{"version":"5.6.1"}} [] []
[2024-04-12T06:57:04.918092+00:00] installer.INFO: set_time_limit: success [] []
[2024-04-12T06:57:04.949151+00:00] installer.INFO: Matched route "{route}". {"route":"api_installer_migration","route_parameters":{"_controller":"OrangeHRM\\Installer\\Controller\\Installer\\Api\\MigrationAPI::handle","_route":"api_installer_migration"},"request_uri":"https://orangehrm.ddev.site/installer/index.php/installer/api/installation/migration","method":"POST"} []
[2024-04-12T06:57:04.949485+00:00] installer.INFO: {"version":"4.2.0.1"} [] []
[2024-04-12T06:57:04.951264+00:00] installer.INFO: Instance details: {"os":{"os":"Linux","release_name":"6.5.0-27-generic","version_info":"#28~22.04.1-Ubuntu SMP PREEMPT_DYNAMIC Fri Mar 15 10:51:06 UTC 2"},"php":{"version":"7.4.33"},"mysql":{"client_version":"mysqlnd 7.4.33","server_version":"5.5.5-10.4.32-MariaDB-1:10.4.32+maria~ubu2004-log","conn_type":"db via TCP\/IP"},"server":"Apache\/2.4.56 (Debian)","ohrm":{"version":"5.6.1"}} [] []
[2024-04-12T06:57:04.952838+00:00] installer.INFO: set_time_limit: success [] []
[2024-04-12T06:57:04.969556+00:00] installer.INFO: Matched route "{route}". {"route":"api_installer_migration","route_parameters":{"_controller":"OrangeHRM\\Installer\\Controller\\Installer\\Api\\MigrationAPI::handle","_route":"api_installer_migration"},"request_uri":"https://orangehrm.ddev.site/installer/index.php/installer/api/installation/migration","method":"POST"} []
[2024-04-12T06:57:04.969881+00:00] installer.INFO: {"version":"4.3"} [] []
[2024-04-12T06:57:04.971507+00:00] installer.INFO: Instance details: {"os":{"os":"Linux","release_name":"6.5.0-27-generic","version_info":"#28~22.04.1-Ubuntu SMP PREEMPT_DYNAMIC Fri Mar 15 10:51:06 UTC 2"},"php":{"version":"7.4.33"},"mysql":{"client_version":"mysqlnd 7.4.33","server_version":"5.5.5-10.4.32-MariaDB-1:10.4.32+maria~ubu2004-log","conn_type":"db via TCP\/IP"},"server":"Apache\/2.4.56 (Debian)","ohrm":{"version":"5.6.1"}} [] []
[2024-04-12T06:57:04.973189+00:00] installer.INFO: set_time_limit: success [] []
[2024-04-12T06:57:05.002490+00:00] installer.INFO: Matched route "{route}". {"route":"api_installer_migration","route_parameters":{"_controller":"OrangeHRM\\Installer\\Controller\\Installer\\Api\\MigrationAPI::handle","_route":"api_installer_migration"},"request_uri":"https://orangehrm.ddev.site/installer/index.php/installer/api/installation/migration","method":"POST"} []
[2024-04-12T06:57:05.002831+00:00] installer.INFO: {"version":"4.3.1"} [] []
[2024-04-12T06:57:05.004452+00:00] installer.INFO: Instance details: {"os":{"os":"Linux","release_name":"6.5.0-27-generic","version_info":"#28~22.04.1-Ubuntu SMP PREEMPT_DYNAMIC Fri Mar 15 10:51:06 UTC 2"},"php":{"version":"7.4.33"},"mysql":{"client_version":"mysqlnd 7.4.33","server_version":"5.5.5-10.4.32-MariaDB-1:10.4.32+maria~ubu2004-log","conn_type":"db via TCP\/IP"},"server":"Apache\/2.4.56 (Debian)","ohrm":{"version":"5.6.1"}} [] []
[2024-04-12T06:57:05.005841+00:00] installer.INFO: set_time_limit: success [] []
[2024-04-12T06:57:05.031698+00:00] installer.INFO: Matched route "{route}". {"route":"api_installer_migration","route_parameters":{"_controller":"OrangeHRM\\Installer\\Controller\\Installer\\Api\\MigrationAPI::handle","_route":"api_installer_migration"},"request_uri":"https://orangehrm.ddev.site/installer/index.php/installer/api/installation/migration","method":"POST"} []
[2024-04-12T06:57:05.032028+00:00] installer.INFO: {"version":"4.3.2"} [] []
[2024-04-12T06:57:05.033927+00:00] installer.INFO: Instance details: {"os":{"os":"Linux","release_name":"6.5.0-27-generic","version_info":"#28~22.04.1-Ubuntu SMP PREEMPT_DYNAMIC Fri Mar 15 10:51:06 UTC 2"},"php":{"version":"7.4.33"},"mysql":{"client_version":"mysqlnd 7.4.33","server_version":"5.5.5-10.4.32-MariaDB-1:10.4.32+maria~ubu2004-log","conn_type":"db via TCP\/IP"},"server":"Apache\/2.4.56 (Debian)","ohrm":{"version":"5.6.1"}} [] []
[2024-04-12T06:57:05.035327+00:00] installer.INFO: set_time_limit: success [] []
[2024-04-12T06:57:05.066547+00:00] installer.INFO: Matched route "{route}". {"route":"api_installer_migration","route_parameters":{"_controller":"OrangeHRM\\Installer\\Controller\\Installer\\Api\\MigrationAPI::handle","_route":"api_installer_migration"},"request_uri":"https://orangehrm.ddev.site/installer/index.php/installer/api/installation/migration","method":"POST"} []
[2024-04-12T06:57:05.066871+00:00] installer.INFO: {"version":"4.3.3"} [] []
[2024-04-12T06:57:05.068820+00:00] installer.INFO: Instance details: {"os":{"os":"Linux","release_name":"6.5.0-27-generic","version_info":"#28~22.04.1-Ubuntu SMP PREEMPT_DYNAMIC Fri Mar 15 10:51:06 UTC 2"},"php":{"version":"7.4.33"},"mysql":{"client_version":"mysqlnd 7.4.33","server_version":"5.5.5-10.4.32-MariaDB-1:10.4.32+maria~ubu2004-log","conn_type":"db via TCP\/IP"},"server":"Apache\/2.4.56 (Debian)","ohrm":{"version":"5.6.1"}} [] []
[2024-04-12T06:57:05.070219+00:00] installer.INFO: set_time_limit: success [] []
[2024-04-12T06:57:06.750051+00:00] installer.INFO: Matched route "{route}". {"route":"api_installer_migration","route_parameters":{"_controller":"OrangeHRM\\Installer\\Controller\\Installer\\Api\\MigrationAPI::handle","_route":"api_installer_migration"},"request_uri":"https://orangehrm.ddev.site/installer/index.php/installer/api/installation/migration","method":"POST"} []
[2024-04-12T06:57:06.750408+00:00] installer.INFO: {"version":"4.3.4"} [] []
[2024-04-12T06:57:06.752377+00:00] installer.INFO: Instance details: {"os":{"os":"Linux","release_name":"6.5.0-27-generic","version_info":"#28~22.04.1-Ubuntu SMP PREEMPT_DYNAMIC Fri Mar 15 10:51:06 UTC 2"},"php":{"version":"7.4.33"},"mysql":{"client_version":"mysqlnd 7.4.33","server_version":"5.5.5-10.4.32-MariaDB-1:10.4.32+maria~ubu2004-log","conn_type":"db via TCP\/IP"},"server":"Apache\/2.4.56 (Debian)","ohrm":{"version":"5.6.1"}} [] []
[2024-04-12T06:57:06.753926+00:00] installer.INFO: set_time_limit: success [] []
[2024-04-12T06:57:06.777727+00:00] installer.INFO: Matched route "{route}". {"route":"api_installer_migration","route_parameters":{"_controller":"OrangeHRM\\Installer\\Controller\\Installer\\Api\\MigrationAPI::handle","_route":"api_installer_migration"},"request_uri":"https://orangehrm.ddev.site/installer/index.php/installer/api/installation/migration","method":"POST"} []
[2024-04-12T06:57:06.778121+00:00] installer.INFO: {"version":"4.3.5"} [] []
[2024-04-12T06:57:06.779773+00:00] installer.INFO: Instance details: {"os":{"os":"Linux","release_name":"6.5.0-27-generic","version_info":"#28~22.04.1-Ubuntu SMP PREEMPT_DYNAMIC Fri Mar 15 10:51:06 UTC 2"},"php":{"version":"7.4.33"},"mysql":{"client_version":"mysqlnd 7.4.33","server_version":"5.5.5-10.4.32-MariaDB-1:10.4.32+maria~ubu2004-log","conn_type":"db via TCP\/IP"},"server":"Apache\/2.4.56 (Debian)","ohrm":{"version":"5.6.1"}} [] []
[2024-04-12T06:57:06.781260+00:00] installer.INFO: set_time_limit: success [] []
[2024-04-12T06:57:06.797302+00:00] installer.INFO: Matched route "{route}". {"route":"api_installer_migration","route_parameters":{"_controller":"OrangeHRM\\Installer\\Controller\\Installer\\Api\\MigrationAPI::handle","_route":"api_installer_migration"},"request_uri":"https://orangehrm.ddev.site/installer/index.php/installer/api/installation/migration","method":"POST"} []
[2024-04-12T06:57:06.797651+00:00] installer.INFO: {"version":"4.4"} [] []
[2024-04-12T06:57:06.799823+00:00] installer.INFO: Instance details: {"os":{"os":"Linux","release_name":"6.5.0-27-generic","version_info":"#28~22.04.1-Ubuntu SMP PREEMPT_DYNAMIC Fri Mar 15 10:51:06 UTC 2"},"php":{"version":"7.4.33"},"mysql":{"client_version":"mysqlnd 7.4.33","server_version":"5.5.5-10.4.32-MariaDB-1:10.4.32+maria~ubu2004-log","conn_type":"db via TCP\/IP"},"server":"Apache\/2.4.56 (Debian)","ohrm":{"version":"5.6.1"}} [] []
[2024-04-12T06:57:06.801347+00:00] installer.INFO: set_time_limit: success [] []
[2024-04-12T06:57:07.415115+00:00] installer.INFO: Matched route "{route}". {"route":"api_installer_migration","route_parameters":{"_controller":"OrangeHRM\\Installer\\Controller\\Installer\\Api\\MigrationAPI::handle","_route":"api_installer_migration"},"request_uri":"https://orangehrm.ddev.site/installer/index.php/installer/api/installation/migration","method":"POST"} []
[2024-04-12T06:57:07.415500+00:00] installer.INFO: {"version":"4.5"} [] []
[2024-04-12T06:57:07.417664+00:00] installer.INFO: Instance details: {"os":{"os":"Linux","release_name":"6.5.0-27-generic","version_info":"#28~22.04.1-Ubuntu SMP PREEMPT_DYNAMIC Fri Mar 15 10:51:06 UTC 2"},"php":{"version":"7.4.33"},"mysql":{"client_version":"mysqlnd 7.4.33","server_version":"5.5.5-10.4.32-MariaDB-1:10.4.32+maria~ubu2004-log","conn_type":"db via TCP\/IP"},"server":"Apache\/2.4.56 (Debian)","ohrm":{"version":"5.6.1"}} [] []
[2024-04-12T06:57:07.419323+00:00] installer.INFO: set_time_limit: success [] []
[2024-04-12T06:57:07.472956+00:00] installer.INFO: Matched route "{route}". {"route":"api_installer_migration","route_parameters":{"_controller":"OrangeHRM\\Installer\\Controller\\Installer\\Api\\MigrationAPI::handle","_route":"api_installer_migration"},"request_uri":"https://orangehrm.ddev.site/installer/index.php/installer/api/installation/migration","method":"POST"} []
[2024-04-12T06:57:07.473292+00:00] installer.INFO: {"version":"4.6"} [] []
[2024-04-12T06:57:07.476014+00:00] installer.INFO: Instance details: {"os":{"os":"Linux","release_name":"6.5.0-27-generic","version_info":"#28~22.04.1-Ubuntu SMP PREEMPT_DYNAMIC Fri Mar 15 10:51:06 UTC 2"},"php":{"version":"7.4.33"},"mysql":{"client_version":"mysqlnd 7.4.33","server_version":"5.5.5-10.4.32-MariaDB-1:10.4.32+maria~ubu2004-log","conn_type":"db via TCP\/IP"},"server":"Apache\/2.4.56 (Debian)","ohrm":{"version":"5.6.1"}} [] []
[2024-04-12T06:57:07.478753+00:00] installer.INFO: set_time_limit: success [] []
[2024-04-12T06:57:07.721846+00:00] installer.INFO: Matched route "{route}". {"route":"api_installer_migration","route_parameters":{"_controller":"OrangeHRM\\Installer\\Controller\\Installer\\Api\\MigrationAPI::handle","_route":"api_installer_migration"},"request_uri":"https://orangehrm.ddev.site/installer/index.php/installer/api/installation/migration","method":"POST"} []
[2024-04-12T06:57:07.722207+00:00] installer.INFO: {"version":"4.6.0.1"} [] []
[2024-04-12T06:57:07.723976+00:00] installer.INFO: Instance details: {"os":{"os":"Linux","release_name":"6.5.0-27-generic","version_info":"#28~22.04.1-Ubuntu SMP PREEMPT_DYNAMIC Fri Mar 15 10:51:06 UTC 2"},"php":{"version":"7.4.33"},"mysql":{"client_version":"mysqlnd 7.4.33","server_version":"5.5.5-10.4.32-MariaDB-1:10.4.32+maria~ubu2004-log","conn_type":"db via TCP\/IP"},"server":"Apache\/2.4.56 (Debian)","ohrm":{"version":"5.6.1"}} [] []
[2024-04-12T06:57:07.725620+00:00] installer.INFO: set_time_limit: success [] []
[2024-04-12T06:57:07.744591+00:00] installer.INFO: Matched route "{route}". {"route":"api_installer_migration","route_parameters":{"_controller":"OrangeHRM\\Installer\\Controller\\Installer\\Api\\MigrationAPI::handle","_route":"api_installer_migration"},"request_uri":"https://orangehrm.ddev.site/installer/index.php/installer/api/installation/migration","method":"POST"} []
[2024-04-12T06:57:07.745107+00:00] installer.INFO: {"version":"4.7"} [] []
[2024-04-12T06:57:07.746916+00:00] installer.INFO: Instance details: {"os":{"os":"Linux","release_name":"6.5.0-27-generic","version_info":"#28~22.04.1-Ubuntu SMP PREEMPT_DYNAMIC Fri Mar 15 10:51:06 UTC 2"},"php":{"version":"7.4.33"},"mysql":{"client_version":"mysqlnd 7.4.33","server_version":"5.5.5-10.4.32-MariaDB-1:10.4.32+maria~ubu2004-log","conn_type":"db via TCP\/IP"},"server":"Apache\/2.4.56 (Debian)","ohrm":{"version":"5.6.1"}} [] []
[2024-04-12T06:57:07.748636+00:00] installer.INFO: set_time_limit: success [] []
[2024-04-12T06:57:07.765724+00:00] installer.INFO: Matched route "{route}". {"route":"api_installer_migration","route_parameters":{"_controller":"OrangeHRM\\Installer\\Controller\\Installer\\Api\\MigrationAPI::handle","_route":"api_installer_migration"},"request_uri":"https://orangehrm.ddev.site/installer/index.php/installer/api/installation/migration","method":"POST"} []
[2024-04-12T06:57:07.766104+00:00] installer.INFO: {"version":"4.8"} [] []
[2024-04-12T06:57:07.767812+00:00] installer.INFO: Instance details: {"os":{"os":"Linux","release_name":"6.5.0-27-generic","version_info":"#28~22.04.1-Ubuntu SMP PREEMPT_DYNAMIC Fri Mar 15 10:51:06 UTC 2"},"php":{"version":"7.4.33"},"mysql":{"client_version":"mysqlnd 7.4.33","server_version":"5.5.5-10.4.32-MariaDB-1:10.4.32+maria~ubu2004-log","conn_type":"db via TCP\/IP"},"server":"Apache\/2.4.56 (Debian)","ohrm":{"version":"5.6.1"}} [] []
[2024-04-12T06:57:07.769345+00:00] installer.INFO: set_time_limit: success [] []
[2024-04-12T06:57:07.786757+00:00] installer.INFO: Matched route "{route}". {"route":"api_installer_migration","route_parameters":{"_controller":"OrangeHRM\\Installer\\Controller\\Installer\\Api\\MigrationAPI::handle","_route":"api_installer_migration"},"request_uri":"https://orangehrm.ddev.site/installer/index.php/installer/api/installation/migration","method":"POST"} []
[2024-04-12T06:57:07.787110+00:00] installer.INFO: {"version":"4.9"} [] []
[2024-04-12T06:57:07.788845+00:00] installer.INFO: Instance details: {"os":{"os":"Linux","release_name":"6.5.0-27-generic","version_info":"#28~22.04.1-Ubuntu SMP PREEMPT_DYNAMIC Fri Mar 15 10:51:06 UTC 2"},"php":{"version":"7.4.33"},"mysql":{"client_version":"mysqlnd 7.4.33","server_version":"5.5.5-10.4.32-MariaDB-1:10.4.32+maria~ubu2004-log","conn_type":"db via TCP\/IP"},"server":"Apache\/2.4.56 (Debian)","ohrm":{"version":"5.6.1"}} [] []
[2024-04-12T06:57:07.790401+00:00] installer.INFO: set_time_limit: success [] []
[2024-04-12T06:57:07.846174+00:00] installer.INFO: Matched route "{route}". {"route":"api_installer_migration","route_parameters":{"_controller":"OrangeHRM\\Installer\\Controller\\Installer\\Api\\MigrationAPI::handle","_route":"api_installer_migration"},"request_uri":"https://orangehrm.ddev.site/installer/index.php/installer/api/installation/migration","method":"POST"} []
[2024-04-12T06:57:07.846575+00:00] installer.INFO: {"version":"4.10"} [] []
[2024-04-12T06:57:07.848284+00:00] installer.INFO: Instance details: {"os":{"os":"Linux","release_name":"6.5.0-27-generic","version_info":"#28~22.04.1-Ubuntu SMP PREEMPT_DYNAMIC Fri Mar 15 10:51:06 UTC 2"},"php":{"version":"7.4.33"},"mysql":{"client_version":"mysqlnd 7.4.33","server_version":"5.5.5-10.4.32-MariaDB-1:10.4.32+maria~ubu2004-log","conn_type":"db via TCP\/IP"},"server":"Apache\/2.4.56 (Debian)","ohrm":{"version":"5.6.1"}} [] []
[2024-04-12T06:57:07.849845+00:00] installer.INFO: set_time_limit: success [] []
[2024-04-12T06:57:07.866955+00:00] installer.INFO: Matched route "{route}". {"route":"api_installer_migration","route_parameters":{"_controller":"OrangeHRM\\Installer\\Controller\\Installer\\Api\\MigrationAPI::handle","_route":"api_installer_migration"},"request_uri":"https://orangehrm.ddev.site/installer/index.php/installer/api/installation/migration","method":"POST"} []
[2024-04-12T06:57:07.867282+00:00] installer.INFO: {"version":"4.10.1"} [] []
[2024-04-12T06:57:07.869058+00:00] installer.INFO: Instance details: {"os":{"os":"Linux","release_name":"6.5.0-27-generic","version_info":"#28~22.04.1-Ubuntu SMP PREEMPT_DYNAMIC Fri Mar 15 10:51:06 UTC 2"},"php":{"version":"7.4.33"},"mysql":{"client_version":"mysqlnd 7.4.33","server_version":"5.5.5-10.4.32-MariaDB-1:10.4.32+maria~ubu2004-log","conn_type":"db via TCP\/IP"},"server":"Apache\/2.4.56 (Debian)","ohrm":{"version":"5.6.1"}} [] []
[2024-04-12T06:57:07.870586+00:00] installer.INFO: set_time_limit: success [] []
[2024-04-12T06:57:07.888614+00:00] installer.INFO: Matched route "{route}". {"route":"api_installer_migration","route_parameters":{"_controller":"OrangeHRM\\Installer\\Controller\\Installer\\Api\\MigrationAPI::handle","_route":"api_installer_migration"},"request_uri":"https://orangehrm.ddev.site/installer/index.php/installer/api/installation/migration","method":"POST"} []
[2024-04-12T06:57:07.888959+00:00] installer.INFO: {"version":"5.0"} [] []
[2024-04-12T06:57:07.890974+00:00] installer.INFO: Instance details: {"os":{"os":"Linux","release_name":"6.5.0-27-generic","version_info":"#28~22.04.1-Ubuntu SMP PREEMPT_DYNAMIC Fri Mar 15 10:51:06 UTC 2"},"php":{"version":"7.4.33"},"mysql":{"client_version":"mysqlnd 7.4.33","server_version":"5.5.5-10.4.32-MariaDB-1:10.4.32+maria~ubu2004-log","conn_type":"db via TCP\/IP"},"server":"Apache\/2.4.56 (Debian)","ohrm":{"version":"5.6.1"}} [] []
[2024-04-12T06:57:07.892871+00:00] installer.INFO: set_time_limit: success [] []
[2024-04-12T06:57:08.140889+00:00] installer.INFO: set_time_limit: success [] []
[2024-04-12T06:57:15.390620+00:00] installer.INFO: Matched route "{route}". {"route":"api_installer_migration","route_parameters":{"_controller":"OrangeHRM\\Installer\\Controller\\Installer\\Api\\MigrationAPI::handle","_route":"api_installer_migration"},"request_uri":"https://orangehrm.ddev.site/installer/index.php/installer/api/installation/migration","method":"POST"} []
[2024-04-12T06:57:15.391082+00:00] installer.INFO: {"version":"5.1"} [] []
[2024-04-12T06:57:15.393696+00:00] installer.INFO: Instance details: {"os":{"os":"Linux","release_name":"6.5.0-27-generic","version_info":"#28~22.04.1-Ubuntu SMP PREEMPT_DYNAMIC Fri Mar 15 10:51:06 UTC 2"},"php":{"version":"7.4.33"},"mysql":{"client_version":"mysqlnd 7.4.33","server_version":"5.5.5-10.4.32-MariaDB-1:10.4.32+maria~ubu2004-log","conn_type":"db via TCP\/IP"},"server":"Apache\/2.4.56 (Debian)","ohrm":{"version":"5.6.1"}} [] []
[2024-04-12T06:57:15.395651+00:00] installer.INFO: set_time_limit: success [] []
[2024-04-12T06:57:16.980897+00:00] installer.INFO: Matched route "{route}". {"route":"api_installer_migration","route_parameters":{"_controller":"OrangeHRM\\Installer\\Controller\\Installer\\Api\\MigrationAPI::handle","_route":"api_installer_migration"},"request_uri":"https://orangehrm.ddev.site/installer/index.php/installer/api/installation/migration","method":"POST"} []
[2024-04-12T06:57:16.981340+00:00] installer.INFO: {"version":"5.2"} [] []
[2024-04-12T06:57:16.983678+00:00] installer.INFO: Instance details: {"os":{"os":"Linux","release_name":"6.5.0-27-generic","version_info":"#28~22.04.1-Ubuntu SMP PREEMPT_DYNAMIC Fri Mar 15 10:51:06 UTC 2"},"php":{"version":"7.4.33"},"mysql":{"client_version":"mysqlnd 7.4.33","server_version":"5.5.5-10.4.32-MariaDB-1:10.4.32+maria~ubu2004-log","conn_type":"db via TCP\/IP"},"server":"Apache\/2.4.56 (Debian)","ohrm":{"version":"5.6.1"}} [] []
[2024-04-12T06:57:16.985303+00:00] installer.INFO: set_time_limit: success [] []
[2024-04-12T06:57:17.795248+00:00] installer.INFO: Deleting invalid config values [] []
[2024-04-12T06:57:17.804189+00:00] installer.INFO: Deleting: `https://opensourcehelp.orangehrm.com` => `` from `hs_hr_config` [] []
[2024-04-12T06:57:17.810457+00:00] installer.INFO: Deleting: `ZendeskHelpProcessor` => `` from `hs_hr_config` [] []
[2024-04-12T06:57:17.810635+00:00] installer.INFO: Deleting legacy config values [] []
[2024-04-12T06:57:17.818935+00:00] installer.INFO: Deleting: `ldap_domain_name` => `` from `hs_hr_config` [] []
[2024-04-12T06:57:17.825803+00:00] installer.INFO: Deleting: `ldap_port` => `` from `hs_hr_config` [] []
[2024-04-12T06:57:17.834024+00:00] installer.INFO: Deleting: `ldap_server` => `` from `hs_hr_config` [] []
[2024-04-12T06:57:17.840845+00:00] installer.INFO: Deleting: `ldap_status` => `` from `hs_hr_config` [] []
[2024-04-12T06:57:17.850706+00:00] installer.INFO: Deleting: `beacon.activation_acceptance_status` => `off` from `hs_hr_config` [] []
[2024-04-12T06:57:17.857475+00:00] installer.INFO: Deleting: `beacon.activiation_status` => `off` from `hs_hr_config` [] []
[2024-04-12T06:57:17.864961+00:00] installer.INFO: Deleting: `beacon.company_name` => `` from `hs_hr_config` [] []
[2024-04-12T06:57:17.872471+00:00] installer.INFO: Deleting: `beacon.flash_period` => `120` from `hs_hr_config` [] []
[2024-04-12T06:57:17.879855+00:00] installer.INFO: Deleting: `beacon.lock` => `unlocked` from `hs_hr_config` [] []
[2024-04-12T06:57:17.887444+00:00] installer.INFO: Deleting: `beacon.next_flash_time` => `0000-00-00` from `hs_hr_config` [] []
[2024-04-12T06:57:17.894198+00:00] installer.INFO: Deleting: `beacon.uuid` => `0` from `hs_hr_config` [] []
[2024-04-12T06:57:17.902200+00:00] installer.INFO: Deleting: `showSIN` => `0` from `hs_hr_config` [] []
[2024-04-12T06:57:17.909162+00:00] installer.INFO: Deleting: `showSSN` => `0` from `hs_hr_config` [] []
[2024-04-12T06:57:17.918293+00:00] installer.INFO: Deleting: `showTaxExemptions` => `0` from `hs_hr_config` [] []
[2024-04-12T06:57:17.925346+00:00] installer.INFO: Deleting: `report.mysql_group_concat_max_len` => `2048` from `hs_hr_config` [] []
[2024-04-12T06:57:17.934035+00:00] installer.INFO: Deleting: `attendanceEmpEditSubmitted` => `No` from `hs_hr_config` [] []
[2024-04-12T06:57:17.940671+00:00] installer.INFO: Deleting: `attendanceSupEditSubmitted` => `No` from `hs_hr_config` [] []
[2024-04-12T06:57:17.949136+00:00] installer.INFO: Deleting: `hsp_accrued_last_updated` => `0000-00-00` from `hs_hr_config` [] []
[2024-04-12T06:57:17.956148+00:00] installer.INFO: Deleting: `hsp_current_plan` => `0` from `hs_hr_config` [] []
[2024-04-12T06:57:17.963338+00:00] installer.INFO: Deleting: `hsp_used_last_updated` => `0000-00-00` from `hs_hr_config` [] []
[2024-04-12T06:57:17.981043+00:00] installer.INFO: Matched route "{route}". {"route":"api_installer_migration","route_parameters":{"_controller":"OrangeHRM\\Installer\\Controller\\Installer\\Api\\MigrationAPI::handle","_route":"api_installer_migration"},"request_uri":"https://orangehrm.ddev.site/installer/index.php/installer/api/installation/migration","method":"POST"} []
[2024-04-12T06:57:17.981516+00:00] installer.INFO: {"version":"5.3"} [] []
[2024-04-12T06:57:17.984222+00:00] installer.INFO: Instance details: {"os":{"os":"Linux","release_name":"6.5.0-27-generic","version_info":"#28~22.04.1-Ubuntu SMP PREEMPT_DYNAMIC Fri Mar 15 10:51:06 UTC 2"},"php":{"version":"7.4.33"},"mysql":{"client_version":"mysqlnd 7.4.33","server_version":"5.5.5-10.4.32-MariaDB-1:10.4.32+maria~ubu2004-log","conn_type":"db via TCP\/IP"},"server":"Apache\/2.4.56 (Debian)","ohrm":{"version":"5.6.1"}} [] []
[2024-04-12T06:57:17.985895+00:00] installer.INFO: set_time_limit: success [] []
[2024-04-12T06:57:18.552286+00:00] installer.INFO: Server timezone: UTC [] []
[2024-04-12T06:57:18.552798+00:00] installer.INFO: `ohrm_buzz_comment` record count: 0 [] []
[2024-04-12T06:57:18.553234+00:00] installer.INFO: `ohrm_buzz_like_on_comment` record count: 0 [] []
[2024-04-12T06:57:18.553572+00:00] installer.INFO: `ohrm_buzz_like_on_share` record count: 0 [] []
[2024-04-12T06:57:18.553835+00:00] installer.INFO: `ohrm_buzz_post` record count: 0 [] []
[2024-04-12T06:57:18.554096+00:00] installer.INFO: `ohrm_buzz_share` record count: 0 [] []
[2024-04-12T06:57:18.658705+00:00] installer.INFO: `ohrm_buzz_link` record count: 0 [] []
[2024-04-12T06:57:18.659136+00:00] installer.INFO: Deleting legacy Buzz config values [] []
[2024-04-12T06:57:18.668781+00:00] installer.INFO: Deleting: `buzz_comment_text_lenth` => `250` from `hs_hr_config` [] []
[2024-04-12T06:57:18.676001+00:00] installer.INFO: Deleting: `buzz_cookie_valid_time` => `5000` from `hs_hr_config` [] []
[2024-04-12T06:57:18.684994+00:00] installer.INFO: Deleting: `buzz_image_max_dimension` => `1024` from `hs_hr_config` [] []
[2024-04-12T06:57:18.692256+00:00] installer.INFO: Deleting: `buzz_initial_comments` => `2` from `hs_hr_config` [] []
[2024-04-12T06:57:18.701592+00:00] installer.INFO: Deleting: `buzz_like_count` => `5` from `hs_hr_config` [] []
[2024-04-12T06:57:18.708406+00:00] installer.INFO: Deleting: `buzz_max_notification_period` => `-1 week` from `hs_hr_config` [] []
[2024-04-12T06:57:18.716263+00:00] installer.INFO: Deleting: `buzz_most_like_posts` => `5` from `hs_hr_config` [] []
[2024-04-12T06:57:18.723159+00:00] installer.INFO: Deleting: `buzz_most_like_shares` => `5` from `hs_hr_config` [] []
[2024-04-12T06:57:18.730525+00:00] installer.INFO: Deleting: `buzz_post_text_lenth` => `500` from `hs_hr_config` [] []
[2024-04-12T06:57:18.738141+00:00] installer.INFO: Deleting: `buzz_post_text_lines` => `5` from `hs_hr_config` [] []
[2024-04-12T06:57:18.745054+00:00] installer.INFO: Deleting: `buzz_refresh_time` => `60000` from `hs_hr_config` [] []
[2024-04-12T06:57:18.753872+00:00] installer.INFO: Deleting: `buzz_share_count` => `10` from `hs_hr_config` [] []
[2024-04-12T06:57:18.760687+00:00] installer.INFO: Deleting: `buzz_time_format` => `h:i a` from `hs_hr_config` [] []
[2024-04-12T06:57:18.767199+00:00] installer.INFO: Deleting: `buzz_viewmore_comment` => `5` from `hs_hr_config` [] []
[2024-04-12T06:57:18.784642+00:00] installer.INFO: Matched route "{route}". {"route":"api_installer_migration","route_parameters":{"_controller":"OrangeHRM\\Installer\\Controller\\Installer\\Api\\MigrationAPI::handle","_route":"api_installer_migration"},"request_uri":"https://orangehrm.ddev.site/installer/index.php/installer/api/installation/migration","method":"POST"} []
[2024-04-12T06:57:18.785286+00:00] installer.INFO: {"version":"5.4"} [] []
[2024-04-12T06:57:18.788106+00:00] installer.INFO: Instance details: {"os":{"os":"Linux","release_name":"6.5.0-27-generic","version_info":"#28~22.04.1-Ubuntu SMP PREEMPT_DYNAMIC Fri Mar 15 10:51:06 UTC 2"},"php":{"version":"7.4.33"},"mysql":{"client_version":"mysqlnd 7.4.33","server_version":"5.5.5-10.4.32-MariaDB-1:10.4.32+maria~ubu2004-log","conn_type":"db via TCP\/IP"},"server":"Apache\/2.4.56 (Debian)","ohrm":{"version":"5.6.1"}} [] []
[2024-04-12T06:57:18.789719+00:00] installer.INFO: set_time_limit: success [] []
[2024-04-12T06:57:18.931096+00:00] installer.INFO: Deleting: `authentication.default_required_password_strength` => `strong` from `hs_hr_config` [] []
[2024-04-12T06:57:18.949675+00:00] installer.INFO: Deleting: `authentication.enforce_password_strength` => `on` from `hs_hr_config` [] []
[2024-04-12T06:57:19.118850+00:00] installer.INFO: Matched route "{route}". {"route":"api_installer_migration","route_parameters":{"_controller":"OrangeHRM\\Installer\\Controller\\Installer\\Api\\MigrationAPI::handle","_route":"api_installer_migration"},"request_uri":"https://orangehrm.ddev.site/installer/index.php/installer/api/installation/migration","method":"POST"} []
[2024-04-12T06:57:19.119177+00:00] installer.INFO: {"version":"5.5"} [] []
[2024-04-12T06:57:19.121976+00:00] installer.INFO: Instance details: {"os":{"os":"Linux","release_name":"6.5.0-27-generic","version_info":"#28~22.04.1-Ubuntu SMP PREEMPT_DYNAMIC Fri Mar 15 10:51:06 UTC 2"},"php":{"version":"7.4.33"},"mysql":{"client_version":"mysqlnd 7.4.33","server_version":"5.5.5-10.4.32-MariaDB-1:10.4.32+maria~ubu2004-log","conn_type":"db via TCP\/IP"},"server":"Apache\/2.4.56 (Debian)","ohrm":{"version":"5.6.1"}} [] []
[2024-04-12T06:57:19.123897+00:00] installer.INFO: set_time_limit: success [] []
[2024-04-12T06:57:19.760474+00:00] installer.INFO: Matched route "{route}". {"route":"api_installer_migration","route_parameters":{"_controller":"OrangeHRM\\Installer\\Controller\\Installer\\Api\\MigrationAPI::handle","_route":"api_installer_migration"},"request_uri":"https://orangehrm.ddev.site/installer/index.php/installer/api/installation/migration","method":"POST"} []
[2024-04-12T06:57:19.760853+00:00] installer.INFO: {"version":"5.6"} [] []
[2024-04-12T06:57:19.762696+00:00] installer.INFO: Instance details: {"os":{"os":"Linux","release_name":"6.5.0-27-generic","version_info":"#28~22.04.1-Ubuntu SMP PREEMPT_DYNAMIC Fri Mar 15 10:51:06 UTC 2"},"php":{"version":"7.4.33"},"mysql":{"client_version":"mysqlnd 7.4.33","server_version":"5.5.5-10.4.32-MariaDB-1:10.4.32+maria~ubu2004-log","conn_type":"db via TCP\/IP"},"server":"Apache\/2.4.56 (Debian)","ohrm":{"version":"5.6.1"}} [] []
[2024-04-12T06:57:19.764793+00:00] installer.INFO: set_time_limit: success [] []
[2024-04-12T06:57:20.029512+00:00] installer.INFO: Matched route "{route}". {"route":"api_installer_migration","route_parameters":{"_controller":"OrangeHRM\\Installer\\Controller\\Installer\\Api\\MigrationAPI::handle","_route":"api_installer_migration"},"request_uri":"https://orangehrm.ddev.site/installer/index.php/installer/api/installation/migration","method":"POST"} []
[2024-04-12T06:57:20.030056+00:00] installer.INFO: {"version":"5.6.1"} [] []
[2024-04-12T06:57:20.033403+00:00] installer.INFO: Instance details: {"os":{"os":"Linux","release_name":"6.5.0-27-generic","version_info":"#28~22.04.1-Ubuntu SMP PREEMPT_DYNAMIC Fri Mar 15 10:51:06 UTC 2"},"php":{"version":"7.4.33"},"mysql":{"client_version":"mysqlnd 7.4.33","server_version":"5.5.5-10.4.32-MariaDB-1:10.4.32+maria~ubu2004-log","conn_type":"db via TCP\/IP"},"server":"Apache\/2.4.56 (Debian)","ohrm":{"version":"5.6.1"}} [] []
[2024-04-12T06:57:20.035184+00:00] installer.INFO: set_time_limit: success [] []
[2024-04-12T06:57:20.055782+00:00] installer.INFO: Matched route "{route}". {"route":"api_installer_instance_creation","route_parameters":{"_controller":"OrangeHRM\\Installer\\Controller\\Installer\\Api\\InstallationInstanceAPI::handle","_route":"api_installer_instance_creation"},"request_uri":"https://orangehrm.ddev.site/installer/index.php/installer/api/installation/instance","method":"POST"} []
[2024-04-12T06:57:20.057979+00:00] installer.INFO: Instance details: {"os":{"os":"Linux","release_name":"6.5.0-27-generic","version_info":"#28~22.04.1-Ubuntu SMP PREEMPT_DYNAMIC Fri Mar 15 10:51:06 UTC 2"},"php":{"version":"7.4.33"},"mysql":{"client_version":"mysqlnd 7.4.33","server_version":"5.5.5-10.4.32-MariaDB-1:10.4.32+maria~ubu2004-log","conn_type":"db via TCP\/IP"},"server":"Apache\/2.4.56 (Debian)","ohrm":{"version":"5.6.1"}} [] []
[2024-04-12T06:57:20.294448+00:00] installer.INFO: Matched route "{route}". {"route":"api_installer_database_user","route_parameters":{"_controller":"OrangeHRM\\Installer\\Controller\\Installer\\Api\\InstallationDatabaseUserAPI::handle","_route":"api_installer_database_user"},"request_uri":"https://orangehrm.ddev.site/installer/index.php/installer/api/installation/database-user","method":"POST"} []
[2024-04-12T06:57:20.306632+00:00] installer.INFO: Matched route "{route}". {"route":"api_installer_write_config","route_parameters":{"_controller":"OrangeHRM\\Installer\\Controller\\Installer\\Api\\ConfigFileAPI::handle","_route":"api_installer_write_config"},"request_uri":"https://orangehrm.ddev.site/installer/index.php/installer/api/installation/config-file","method":"POST"} []
[2024-04-12T06:57:20.309084+00:00] installer.INFO: Instance details: {"os":{"os":"Linux","release_name":"6.5.0-27-generic","version_info":"#28~22.04.1-Ubuntu SMP PREEMPT_DYNAMIC Fri Mar 15 10:51:06 UTC 2"},"php":{"version":"7.4.33"},"mysql":{"client_version":"mysqlnd 7.4.33","server_version":"5.5.5-10.4.32-MariaDB-1:10.4.32+maria~ubu2004-log","conn_type":"db via TCP\/IP"},"server":"Apache\/2.4.56 (Debian)","ohrm":{"version":"5.6.1"}} [] []
[2024-04-12T06:57:23.516919+00:00] installer.INFO: Matched route "{route}". {"route":"installer_complete","route_parameters":{"_controller":"OrangeHRM\\Installer\\Controller\\Installer\\InstallerCompleteController::handle","_route":"installer_complete"},"request_uri":"https://orangehrm.ddev.site/installer/index.php/installer/complete","method":"GET"} []
[2024-04-12T06:57:23.518393+00:00] installer.INFO: OrangeHRM 5.6.1 status: true [] []
[2024-04-12T06:57:25.126926+00:00] installer.INFO: Matched route "{route}". {"route":"installer_home","route_parameters":{"_controller":"OrangeHRM\\Installer\\Controller\\HomeController::handle","_route":"installer_home"},"request_uri":"https://orangehrm.ddev.site/installer/index.php/","method":"GET"} []
